{
  "stats": {
    "suites": 1,
    "tests": 5,
    "passes": 5,
    "pending": 0,
    "failures": 0,
    "start": "2024-12-12T06:35:20.322Z",
    "end": "2024-12-12T06:37:53.283Z",
    "duration": 152961,
    "testsRegistered": 5,
    "passPercent": 100,
    "pendingPercent": 0,
    "other": 0,
    "hasOther": false,
    "skipped": 0,
    "hasSkipped": false
  },
  "results": [
    {
      "uuid": "546199be-e581-4f84-8ee5-d613ae341e1e",
      "title": "",
      "fullFile": "cypress\\e2e\\Brand Creation.cy.js",
      "file": "cypress\\e2e\\Brand Creation.cy.js",
      "beforeHooks": [],
      "afterHooks": [],
      "tests": [],
      "suites": [
        {
          "uuid": "a64eecad-2426-4f72-9e34-ede7e90884b8",
          "title": "Brand Creation",
          "fullFile": "",
          "file": "",
          "beforeHooks": [],
          "afterHooks": [],
          "tests": [
            {
              "title": "Creating One New Brand",
              "fullTitle": "Brand Creation Creating One New Brand",
              "timedOut": null,
              "duration": 36609,
              "state": "passed",
              "speed": "slow",
              "pass": true,
              "fail": false,
              "pending": false,
              "context": null,
              "code": "const brandName = \"Corgi\";\ncy.contains(\"button\", \"ADD BRAND\").click();\n//cy.get('input[name=\"image\"]').click().attachFile(\"Kangol.png\");\ncy.get('input[name=\"image\"]').selectFile(\"C:\\\\Users\\\\vigne\\\\OneDrive\\\\Desktop\\\\abibas.jpg\");\ncy.get('input[name=\"name\"]').type(brandName);\ncy.get(\"#siteUrl\").type(siteURL);\ncy.contains(\"label\", \"Company Name*\").parent().find('input[type=\"text\"]').type(`${brandName}{enter}`);\ncy.contains(\"label\", \"Industry/ Category*\").parent().find('input[type=\"text\"]').type(\"Sports Industry{enter}\");\ncy.get('input[name=\"revenue\"]').type(654);\ncy.contains(\"label\", \"Brand Owner(s)\").parent().find('input[type=\"text\"]').type(\"Vignesh Lenny{enter}\");\ncy.contains(\"label\", \"Head Quarters*\").parent().find('input[type=\"text\"]').type(\"Chennai\").wait(5000).type(\"{enter}\");\ncy.get(\"button span\").last().click({\n  force: true\n});\ncy.wait(5000);\ncy.get('[aria-label=\"Search Brands...\"]').click();\ncy.get('input[placeholder=\"Search Brands...\"]').type(brandName).wait(5000).type(\"{enter}\");\ncy.get('input[placeholder=\"Search Brands...\"]').clear();",
              "err": {},
              "uuid": "3dc2f602-1b5c-46ac-ab7c-973d46af1109",
              "parentUUID": "a64eecad-2426-4f72-9e34-ede7e90884b8",
              "isHook": false,
              "skipped": false
            },
            {
              "title": "should display an error when creating a duplicate brand",
              "fullTitle": "Brand Creation should display an error when creating a duplicate brand",
              "timedOut": null,
              "duration": 13010,
              "state": "passed",
              "speed": "slow",
              "pass": true,
              "fail": false,
              "pending": false,
              "context": null,
              "code": "const brandName = \"Corgi\";\ncy.contains(\"button\", \"ADD BRAND\").click();\ncy.get('input[name=\"name\"]').type(brandName);\ncy.get(\"div > span\").should(\"contain.text\", \"Brand name already exists\");\ncy.get('img[alt=\"close\"]').click();\ncy.wait(5000);\ncy.contains(\"button\", \"YES, PROCEED\").click().wait(5000);",
              "err": {},
              "uuid": "47d5a0af-308d-4bc0-9125-ca2b2c76f68f",
              "parentUUID": "a64eecad-2426-4f72-9e34-ede7e90884b8",
              "isHook": false,
              "skipped": false
            },
            {
              "title": "Brand Creation without Brand Owner",
              "fullTitle": "Brand Creation Brand Creation without Brand Owner",
              "timedOut": null,
              "duration": 23776,
              "state": "passed",
              "speed": "slow",
              "pass": true,
              "fail": false,
              "pending": false,
              "context": null,
              "code": "const brandName = \"Corsair\";\ncy.contains(\"button\", \"ADD BRAND\").click();\ncy.get('input[name=\"image\"]').click().attachFile(\"Kangol.png\");\ncy.get('input[name=\"name\"]').type(brandName);\ncy.get(\"#siteUrl\").type(siteURL);\ncy.wait(5000);\ncy.contains(\"label\", \"Company Name*\").parent().find('input[type=\"text\"]').type(`${brandName}{enter}`);\ncy.contains(\"label\", \"Industry/ Category*\").parent().find('input[type=\"text\"]').type(\"technology{enter}\");\ncy.get('input[name=\"revenue\"]').type(450);\ncy.contains(\"label\", \"Head Quarters*\").parent().find('input[type=\"text\"]').type(\"Coimbatore\").wait(5000).type(\"{enter}\");\ncy.get(\"button span\").last().click({\n  force: true\n});\ncy.wait(5000);\n//cy.get('[aria-label=\"Search Brands...\"]').click()\ncy.get('input[placeholder=\"Search Brands...\"]').type(brandName).wait(5000).type(\"{enter}\");\ncy.get('input[placeholder=\"Search Brands...\"]').clear();",
              "err": {},
              "uuid": "3d0db671-b824-4a7e-ae7d-742df23a5c9f",
              "parentUUID": "a64eecad-2426-4f72-9e34-ede7e90884b8",
              "isHook": false,
              "skipped": false
            },
            {
              "title": "Brand creation with only Mandatory fields",
              "fullTitle": "Brand Creation Brand creation with only Mandatory fields",
              "timedOut": null,
              "duration": 18694,
              "state": "passed",
              "speed": "slow",
              "pass": true,
              "fail": false,
              "pending": false,
              "context": null,
              "code": "const brandName = \"Cotswold\";\ncy.contains(\"button\", \"ADD BRAND\").click();\ncy.get('input[name=\"name\"]').type(brandName);\ncy.get(\"#siteUrl\").type(siteURL);\ncy.contains(\"label\", \"Company Name*\").parent().find('input[type=\"text\"]').type(`${brandName}{enter}`);\ncy.contains(\"label\", \"Industry/ Category*\").parent().find('input[type=\"text\"]').type(\"agriculture{enter}\");\ncy.contains(\"label\", \"Head Quarters*\").parent().find('input[type=\"text\"]').type(\"Madurai\").wait(5000).type(\"{enter}\");\ncy.get(\"button span\").last().click({\n  force: true\n});\ncy.wait(5000);\n//cy.get('[aria-label=\"Search Brands...\"]').click()\ncy.get('input[placeholder=\"Search Brands...\"]').type(brandName).wait(5000).type(\"{enter}\");\ncy.get('input[placeholder=\"Search Brands...\"]').clear();",
              "err": {},
              "uuid": "9abdb6e2-fc16-46df-a1a3-f35d2e75cedb",
              "parentUUID": "a64eecad-2426-4f72-9e34-ede7e90884b8",
              "isHook": false,
              "skipped": false
            },
            {
              "title": "Creating Multiple Brands",
              "fullTitle": "Brand Creation Creating Multiple Brands",
              "timedOut": null,
              "duration": 58821,
              "state": "passed",
              "speed": "slow",
              "pass": true,
              "fail": false,
              "pending": false,
              "context": null,
              "code": "cy.contains(\"button\", \"ADD BRAND\").click();\nbrands.forEach(brand => {\n  cy.get('input[name=\"image\"]').click().attachFile(\"Kangol.png\");\n  cy.get('input[name=\"name\"]').type(brand.name);\n  cy.get(\"#siteUrl\").type(brand.websiteURL);\n  cy.contains(\"label\", \"Company Name*\").parent().find('input[type=\"text\"]').type(brand.company).wait(5000).type(\"{enter}\");\n  cy.contains(\"label\", \"Industry/ Category*\").parent().find('input[type=\"text\"]').type(brand.category).wait(5000).type(\"{enter}\");\n  cy.get('input[name=\"revenue\"]').type(brand.revenue);\n  cy.contains(\"label\", \"Brand Owner(s)\").parent().find('input[type=\"text\"]').type(brand.brandOwner).wait(5000).type(\"{enter}\");\n  cy.contains(\"label\", \"Head Quarters*\").parent().find('input[type=\"text\"]').type(brand.brandLocation).wait(5000).type(\"{enter}\");\n  cy.get('#backend__user__form__submit__save__add__another__1').click({\n    force: true\n  });\n  cy.wait(5000);\n});",
              "err": {},
              "uuid": "d3388ae7-f8b7-4ed9-96fd-c7b6100a171f",
              "parentUUID": "a64eecad-2426-4f72-9e34-ede7e90884b8",
              "isHook": false,
              "skipped": false
            }
          ],
          "suites": [],
          "passes": [
            "3dc2f602-1b5c-46ac-ab7c-973d46af1109",
            "47d5a0af-308d-4bc0-9125-ca2b2c76f68f",
            "3d0db671-b824-4a7e-ae7d-742df23a5c9f",
            "9abdb6e2-fc16-46df-a1a3-f35d2e75cedb",
            "d3388ae7-f8b7-4ed9-96fd-c7b6100a171f"
          ],
          "failures": [],
          "pending": [],
          "skipped": [],
          "duration": 150910,
          "root": false,
          "rootEmpty": false,
          "_timeout": 2000
        }
      ],
      "passes": [],
      "failures": [],
      "pending": [],
      "skipped": [],
      "duration": 0,
      "root": true,
      "rootEmpty": true,
      "_timeout": 2000
    }
  ],
  "meta": {
    "mocha": {
      "version": "7.0.1"
    },
    "mochawesome": {
      "options": {
        "quiet": false,
        "reportFilename": "mochawesome",
        "saveHtml": true,
        "saveJson": true,
        "consoleReporter": "spec",
        "useInlineDiffs": false,
        "code": true
      },
      "version": "7.1.3"
    },
    "marge": {
      "options": {
        "reportDir": "cypress/reports",
        "overwrite": false,
        "html": true,
        "json": true
      },
      "version": "6.2.0"
    }
  }
}