{
  "stats": {
    "suites": 1,
    "tests": 5,
    "passes": 5,
    "pending": 0,
    "failures": 0,
    "start": "2025-01-28T06:33:23.026Z",
    "end": "2025-01-28T06:37:07.445Z",
    "duration": 224419,
    "testsRegistered": 5,
    "passPercent": 100,
    "pendingPercent": 0,
    "other": 0,
    "hasOther": false,
    "skipped": 0,
    "hasSkipped": false
  },
  "results": [
    {
      "uuid": "f528a75c-1aa2-48ed-94d4-da8c4edefa37",
      "title": "",
      "fullFile": "cypress\\e2e\\Employee_Creation.cy.js",
      "file": "cypress\\e2e\\Employee_Creation.cy.js",
      "beforeHooks": [],
      "afterHooks": [],
      "tests": [],
      "suites": [
        {
          "uuid": "1063b9a4-bbe5-40f1-ac3a-6b40060a834c",
          "title": "Employee Creation",
          "fullFile": "",
          "file": "",
          "beforeHooks": [],
          "afterHooks": [],
          "tests": [
            {
              "title": "Single Employee Creation",
              "fullTitle": "Employee Creation Single Employee Creation",
              "timedOut": null,
              "duration": 48087,
              "state": "passed",
              "speed": "slow",
              "pass": true,
              "fail": false,
              "pending": false,
              "context": null,
              "code": "const empOne = employeeData.employee1;\ncy.contains(\"button\", \"ADD EMPLOYEE\").click();\ncy.get('input[name=\"firstName\"]').type(empOne.firstname);\ncy.get('input[name=\"lastName\"]').type(empOne.lastname);\ncy.get('input[name=\"emailId\"]').type(empOne.email);\ncy.get('button[aria-label=\"Country selector\"]').click();\ncy.get('ul[role=\"listbox\"]').contains('span', empOne.countryname).scrollIntoView().should('be.visible').click();\ncy.get('input[name=\"phoneNumber\"]').type(empOne.phonenumber);\ncy.contains(\"label\", \"City*\").parent().find('input[type=\"text\"]').type(empOne.city).wait(5000).type(\"{enter}\");\ncy.get(\"button span\").contains('FEMALE').click({\n  force: true\n});\ncy.contains(\"label\", \"Department*\").parent().find('input[type=\"text\"]').type(empOne.department).wait(5000).type(\"{enter}\");\ncy.contains(\"label\", \"Vertical*\").parent().find('input[type=\"text\"]').type(empOne.vertical).wait(5000).type(\"{enter}\");\ncy.get('button[id=\"save-user\"]').click();\ncy.wait(5000);\ncy.contains(\"button\", \"DO LATER!\").click();\ncy.wait(5000);\ncy.get('[aria-label=\"Search users...\"]').click();\ncy.get('input[placeholder=\"Search users...\"]').type(empOne.firstname).wait(5000).type(\"{enter}\");\ncy.get('input[placeholder=\"Search users...\"]').clear();",
              "err": {},
              "uuid": "773484b4-dc36-4fd7-a834-2ad83cf269c9",
              "parentUUID": "1063b9a4-bbe5-40f1-ac3a-6b40060a834c",
              "isHook": false,
              "skipped": false
            },
            {
              "title": "Duplicate Employee Creation",
              "fullTitle": "Employee Creation Duplicate Employee Creation",
              "timedOut": null,
              "duration": 30881,
              "state": "passed",
              "speed": "slow",
              "pass": true,
              "fail": false,
              "pending": false,
              "context": null,
              "code": "const empTwo = employeeData.employee2;\ncy.contains(\"button\", \"ADD EMPLOYEE\").click();\ncy.get('input[name=\"firstName\"]').type(empTwo.firstname);\ncy.get('input[name=\"lastName\"]').type(empTwo.lastname);\ncy.get('input[name=\"emailId\"]').type(empTwo.email);\ncy.get('button[aria-label=\"Country selector\"]').click();\ncy.get('ul[role=\"listbox\"]').contains('span', empTwo.countryname).scrollIntoView().should('be.visible').click();\ncy.get('input[name=\"phoneNumber\"]').type(empTwo.phonenumber);\ncy.contains(\"label\", \"City*\").parent().find('input[type=\"text\"]').type(empTwo.city).wait(5000).type(\"{enter}\");\ncy.get(\"button span\").contains('FEMALE').click({\n  force: true\n});\ncy.contains(\"label\", \"Department*\").parent().find('input[type=\"text\"]').type(empTwo.department).wait(5000).type(\"{enter}\");\ncy.contains(\"label\", \"Vertical*\").parent().find('input[type=\"text\"]').type(empTwo.vertical).wait(5000).type(\"{enter}\");\ncy.get('button[id=\"save-user\"]').click();\ncy.get(\"div > span\").should(\"contain.text\", \"Email already exists\");\ncy.get('img[alt=\"close\"]').click();\ncy.wait(5000);\ncy.contains(\"button\", \"YES, CLOSE\").click().wait(5000);",
              "err": {},
              "uuid": "0d35382f-6ade-494f-b440-04509670150e",
              "parentUUID": "1063b9a4-bbe5-40f1-ac3a-6b40060a834c",
              "isHook": false,
              "skipped": false
            },
            {
              "title": "Mandatory fileds employee creation",
              "fullTitle": "Employee Creation Mandatory fileds employee creation",
              "timedOut": null,
              "duration": 34925,
              "state": "passed",
              "speed": "slow",
              "pass": true,
              "fail": false,
              "pending": false,
              "context": null,
              "code": "const empThree = employeeData.employee3;\ncy.contains(\"button\", \"ADD EMPLOYEE\").click();\ncy.get('input[name=\"firstName\"]').type(empThree.firstname);\ncy.get('input[name=\"lastName\"]').type(empThree.lastname);\ncy.get('input[name=\"emailId\"]').type(empThree.email);\ncy.get('button[aria-label=\"Country selector\"]').click();\ncy.get('ul[role=\"listbox\"]').contains('span', empThree.countryname).scrollIntoView().should('be.visible').click();\ncy.get('input[name=\"phoneNumber\"]').type(empThree.phonenumber);\ncy.contains(\"label\", \"City*\").parent().find('input[type=\"text\"]').type(empThree.city).wait(5000).type(\"{enter}\");\ncy.get(\"button span\").contains('FEMALE').click({\n  force: true\n});\ncy.contains(\"label\", \"Department*\").parent().find('input[type=\"text\"]').type(empThree.department).wait(5000).type(\"{enter}\");\ncy.contains(\"label\", \"Vertical*\").parent().find('input[type=\"text\"]').type(empThree.vertical).wait(5000).type(\"{enter}\");\ncy.get('button[id=\"save-user\"]').click();\ncy.wait(5000);\ncy.contains(\"button\", \"DO LATER!\").click();\ncy.wait(5000);\ncy.get('input[placeholder=\"Search users...\"]').type(empThree.firstname).wait(5000).type(\"{enter}\");\ncy.get('input[placeholder=\"Search users...\"]').clear();",
              "err": {},
              "uuid": "d030c698-001a-4c25-9672-623f4eebd42b",
              "parentUUID": "1063b9a4-bbe5-40f1-ac3a-6b40060a834c",
              "isHook": false,
              "skipped": false
            },
            {
              "title": "All fileds employee creation",
              "fullTitle": "Employee Creation All fileds employee creation",
              "timedOut": null,
              "duration": 58436,
              "state": "passed",
              "speed": "slow",
              "pass": true,
              "fail": false,
              "pending": false,
              "context": null,
              "code": "const empFour = employeeData.employee4;\ncy.contains(\"button\", \"ADD EMPLOYEE\").click();\ncy.get('input[name=\"firstName\"]').type(empFour.firstname);\ncy.get('input[name=\"lastName\"]').type(empFour.lastname);\ncy.get('input[name=\"middleName\"]').type(empFour.middlename);\ncy.get('input[name=\"emailId\"]').type(empFour.email);\ncy.get('button[aria-label=\"Country selector\"]').click();\ncy.get('ul[role=\"listbox\"]').contains('span', empFour.countryname).scrollIntoView().should('be.visible').click();\ncy.get('input[name=\"phoneNumber\"]').type(empFour.phonenumber);\ncy.contains(\"label\", \"City*\").parent().find('input[type=\"text\"]').type(empFour.city).wait(5000).type(\"{enter}\");\ncy.get(\"button span\").contains('FEMALE').click({\n  force: true\n});\ncy.contains(\"label\", \"Department*\").parent().find('input[type=\"text\"]').type(empFour.department).wait(5000).type(\"{enter}\");\ncy.contains(\"label\", \"Vertical*\").parent().find('input[type=\"text\"]').type(empFour.vertical).wait(5000).type(\"{enter}\");\ncy.contains(\"label\", \"Designation\").parent().find('input[type=\"text\"]').type(empFour.designation).wait(5000).type(\"{enter}\");\ncy.contains(\"label\", \"Expertise\").parent().find('input[type=\"text\"]').type(empFour.expertise).wait(5000).type(\"{enter}\");\ncy.contains(\"label\", \"Team Owner\").parent().find('input[type=\"text\"]').type(empFour.teamowner).wait(5000).type(\"{enter}\");\ncy.get('#employeeCode').type(empFour.empcode).wait(5000).type(\"{enter}\");\ncy.get('button[id=\"save-user\"]').click();\ncy.wait(5000);\ncy.contains(\"button\", \"DO LATER!\").click();\ncy.wait(5000);\ncy.get('input[placeholder=\"Search users...\"]').type(empFour.firstname).wait(5000).type(\"{enter}\");\ncy.get('input[placeholder=\"Search users...\"]').clear();",
              "err": {},
              "uuid": "e0bda1dd-944d-4ea2-8833-1770670c8b7e",
              "parentUUID": "1063b9a4-bbe5-40f1-ac3a-6b40060a834c",
              "isHook": false,
              "skipped": false
            },
            {
              "title": "Multiple Employee Creation",
              "fullTitle": "Employee Creation Multiple Employee Creation",
              "timedOut": null,
              "duration": 49929,
              "state": "passed",
              "speed": "slow",
              "pass": true,
              "fail": false,
              "pending": false,
              "context": null,
              "code": "cy.contains(\"button\", \"ADD EMPLOYEE\").click();\nconst employeeDetails = Object.keys(employeeData).slice(4).map(key => employeeData[key]);\nemployeeDetails.forEach(employee => {\n  cy.get('input[name=\"firstName\"]').type(employee.firstname);\n  cy.get('input[name=\"lastName\"]').type(employee.lastname);\n  cy.get('input[name=\"emailId\"]').type(employee.email);\n  cy.get('button[aria-label=\"Country selector\"]').click();\n  cy.get('ul[role=\"listbox\"]').contains('span', employee.countryname).scrollIntoView().should('be.visible').click();\n  cy.get('input[name=\"phoneNumber\"]').type(employee.phonenumber);\n  cy.contains(\"label\", \"City*\").parent().find('input[type=\"text\"]').type(employee.city).wait(5000).type(\"{enter}\");\n  cy.get(\"button span\").contains('FEMALE').click({\n    force: true\n  });\n  cy.contains(\"label\", \"Department*\").parent().find('input[type=\"text\"]').type(employee.department).wait(5000).type(\"{enter}\");\n  cy.contains(\"label\", \"Vertical*\").parent().find('input[type=\"text\"]').type(employee.vertical).wait(5000).type(\"{enter}\");\n  cy.get('button[id=\"save-and-add-another-user\"]').click();\n  cy.wait(5000);\n});",
              "err": {},
              "uuid": "9db40fe1-f34d-4801-9e66-fbb4eb1614cd",
              "parentUUID": "1063b9a4-bbe5-40f1-ac3a-6b40060a834c",
              "isHook": false,
              "skipped": false
            }
          ],
          "suites": [],
          "passes": [
            "773484b4-dc36-4fd7-a834-2ad83cf269c9",
            "0d35382f-6ade-494f-b440-04509670150e",
            "d030c698-001a-4c25-9672-623f4eebd42b",
            "e0bda1dd-944d-4ea2-8833-1770670c8b7e",
            "9db40fe1-f34d-4801-9e66-fbb4eb1614cd"
          ],
          "failures": [],
          "pending": [],
          "skipped": [],
          "duration": 222258,
          "root": false,
          "rootEmpty": false,
          "_timeout": 2000
        }
      ],
      "passes": [],
      "failures": [],
      "pending": [],
      "skipped": [],
      "duration": 0,
      "root": true,
      "rootEmpty": true,
      "_timeout": 2000
    }
  ],
  "meta": {
    "mocha": {
      "version": "7.0.1"
    },
    "mochawesome": {
      "options": {
        "quiet": false,
        "reportFilename": "mochawesome",
        "saveHtml": true,
        "saveJson": true,
        "consoleReporter": "spec",
        "useInlineDiffs": false,
        "code": true
      },
      "version": "7.1.3"
    },
    "marge": {
      "options": {
        "reportDir": "cypress/reports",
        "overwrite": false,
        "html": true,
        "json": true
      },
      "version": "6.2.0"
    }
  }
}